<?xml version="1.0" encoding="UTF-8"?>
<testsuite xmlns:xsi="http://www.w3.org/2001/XMLSchema-instance" xsi:noNamespaceSchemaLocation="https://maven.apache.org/surefire/maven-surefire-plugin/xsd/surefire-test-report.xsd" name="TestSuite" time="1.784" tests="7" errors="0" skipped="5" failures="2">
  <properties>
[...]
</properties>
  <testcase name="loginTrue" classname="com.course.cases.LoginTest" time="0.509">
    <failure message="Connect to localhost:8888 [localhost/127.0.0.1, localhost/0:0:0:0:0:0:0:1] failed: Connection refused: connect" type="org.apache.http.conn.HttpHostConnectException">org.apache.http.conn.HttpHostConnectException: Connect to localhost:8888 [localhost/127.0.0.1, localhost/0:0:0:0:0:0:0:1] failed: Connection refused: connect
	at com.course.cases.LoginTest.getResult(LoginTest.java:77)
	at com.course.cases.LoginTest.loginTrue(LoginTest.java:48)
Caused by: java.net.ConnectException: Connection refused: connect
	at com.course.cases.LoginTest.getResult(LoginTest.java:77)
	at com.course.cases.LoginTest.loginTrue(LoginTest.java:48)
</failure>
    <system-out><![CDATA[[TestNGContentHandler] [WARN] It is strongly recommended to add "<!DOCTYPE suite SYSTEM "http://testng.org/testng-1.0.dtd" >" at the top of your file, otherwise TestNG may fail or not work as expected.
LoginCase(id=1, userName=zhangsan, password=123456, expected=true)
http://localhost:8888/v1/login
]]></system-out>
    <system-err><![CDATA[Loading class `com.mysql.jdbc.Driver'. This is deprecated. The new driver class is `com.mysql.cj.jdbc.Driver'. The driver is automatically registered via the SPI and manual loading of the driver class is generally unnecessary.
]]></system-err>
  </testcase>
  <testcase name="loginFalse" classname="com.course.cases.LoginTest" time="0.059">
    <failure message="Connect to localhost:8888 [localhost/127.0.0.1, localhost/0:0:0:0:0:0:0:1] failed: Connection refused: connect" type="org.apache.http.conn.HttpHostConnectException">org.apache.http.conn.HttpHostConnectException: Connect to localhost:8888 [localhost/127.0.0.1, localhost/0:0:0:0:0:0:0:1] failed: Connection refused: connect
	at com.course.cases.LoginTest.getResult(LoginTest.java:77)
	at com.course.cases.LoginTest.loginFalse(LoginTest.java:61)
Caused by: java.net.ConnectException: Connection refused: connect
	at com.course.cases.LoginTest.getResult(LoginTest.java:77)
	at com.course.cases.LoginTest.loginFalse(LoginTest.java:61)
</failure>
    <system-out><![CDATA[LoginCase(id=2, userName=zhangsanerror, password=123, expected=false)
http://localhost:8888/v1/login
]]></system-out>
  </testcase>
  <testcase name="addUser" classname="com.course.cases.AddUserTest" time="0">
    <skipped message="Method AddUserTest.addUser()[pri:0, instance:com.course.cases.AddUserTest@314c508a] depends on not successfully finished methods in group &quot;loginTrue&quot;"/>
  </testcase>
  <testcase name="getUserInfo" classname="com.course.cases.GetUserInfoTest" time="0">
    <skipped message="Method GetUserInfoTest.getUserInfo()[pri:0, instance:com.course.cases.GetUserInfoTest@16267862] depends on not successfully finished methods in group &quot;loginTrue&quot;"/>
  </testcase>
  <testcase name="getUserList" classname="com.course.cases.GetUserListTest" time="0">
    <skipped message="Method GetUserListTest.getUserList()[pri:0, instance:com.course.cases.GetUserListTest@453da22c] depends on not successfully finished methods in group &quot;loginTrue&quot;"/>
  </testcase>
  <testcase name="deleteUser" classname="com.course.cases.UpdateUserInfoTest" time="0">
    <skipped message="Method UpdateUserInfoTest.deleteUser()[pri:0, instance:com.course.cases.UpdateUserInfoTest@71248c21] depends on not successfully finished methods in group &quot;loginTrue&quot;"/>
  </testcase>
  <testcase name="updateUserInfo" classname="com.course.cases.UpdateUserInfoTest" time="0">
    <skipped message="Method UpdateUserInfoTest.updateUserInfo()[pri:0, instance:com.course.cases.UpdateUserInfoTest@71248c21] depends on not successfully finished methods in group &quot;loginTrue&quot;"/>
  </testcase>
</testsuite>